2025-06-26 00:00:29.028 +02:00 [INF] Executed DbCommand (5ms) [Parameters=[], CommandType='"Text"', CommandTimeout='30']
SELECT 1 FROM INFORMATION_SCHEMA.TABLES WHERE TABLE_SCHEMA='myappdb' AND TABLE_NAME='__EFMigrationsHistory';
2025-06-26 00:00:31.279 +02:00 [INF] Executed DbCommand (9ms) [Parameters=[], CommandType='"Text"', CommandTimeout='30']
CREATE TABLE `__EFMigrationsHistory` (
    `MigrationId` varchar(150) CHARACTER SET utf8mb4 NOT NULL,
    `ProductVersion` varchar(32) CHARACTER SET utf8mb4 NOT NULL,
    CONSTRAINT `PK___EFMigrationsHistory` PRIMARY KEY (`MigrationId`)
) CHARACTER SET=utf8mb4;
2025-06-26 00:00:33.323 +02:00 [INF] Executed DbCommand (5ms) [Parameters=[], CommandType='"Text"', CommandTimeout='30']
SELECT 1 FROM INFORMATION_SCHEMA.TABLES WHERE TABLE_SCHEMA='myappdb' AND TABLE_NAME='__EFMigrationsHistory';
2025-06-26 00:00:33.333 +02:00 [INF] Executed DbCommand (2ms) [Parameters=[], CommandType='"Text"', CommandTimeout='30']
SELECT `MigrationId`, `ProductVersion`
FROM `__EFMigrationsHistory`
ORDER BY `MigrationId`;
2025-06-26 00:00:33.354 +02:00 [INF] Applying migration '20250625220006_InitialCreate'.
2025-06-26 00:00:33.406 +02:00 [INF] Executed DbCommand (1ms) [Parameters=[], CommandType='"Text"', CommandTimeout='30']
ALTER DATABASE CHARACTER SET utf8mb4;
2025-06-26 00:00:33.422 +02:00 [INF] Executed DbCommand (11ms) [Parameters=[], CommandType='"Text"', CommandTimeout='30']
CREATE TABLE `Users` (
    `Id` int NOT NULL AUTO_INCREMENT,
    `FirstName` varchar(50) CHARACTER SET utf8mb4 NOT NULL,
    `LastName` varchar(100) CHARACTER SET utf8mb4 NOT NULL,
    `Email` varchar(100) CHARACTER SET utf8mb4 NOT NULL,
    `Phone` varchar(15) CHARACTER SET utf8mb4 NOT NULL,
    `Username` varchar(20) CHARACTER SET utf8mb4 NOT NULL,
    `Age` int NOT NULL,
    `Password` longtext CHARACTER SET utf8mb4 NOT NULL,
    `Gender` int NOT NULL,
    `Status` int NOT NULL,
    `AccountType` int NOT NULL,
    `UserType` int NOT NULL,
    `IsVerified` tinyint(1) NOT NULL,
    `VerificationCode` varchar(100) CHARACTER SET utf8mb4 NULL,
    `Preferences` longtext CHARACTER SET utf8mb4 NULL,
    `LastLogin` datetime(6) NOT NULL,
    `IpAddress` varchar(50) CHARACTER SET utf8mb4 NULL,
    `LastIpAddress` varchar(50) CHARACTER SET utf8mb4 NULL,
    `CreatedAt` datetime(6) NOT NULL,
    `UpdatedAt` datetime(6) NULL,
    CONSTRAINT `PK_Users` PRIMARY KEY (`Id`)
) CHARACTER SET=utf8mb4;
2025-06-26 00:00:33.430 +02:00 [INF] Executed DbCommand (2ms) [Parameters=[], CommandType='"Text"', CommandTimeout='30']
INSERT INTO `__EFMigrationsHistory` (`MigrationId`, `ProductVersion`)
VALUES ('20250625220006_InitialCreate', '8.0.13');
2025-06-26 00:03:10.402 +02:00 [INF] Executed DbCommand (9ms) [Parameters=[], CommandType='"Text"', CommandTimeout='30']
SELECT 1 FROM INFORMATION_SCHEMA.TABLES WHERE TABLE_SCHEMA='myappdb' AND TABLE_NAME='__EFMigrationsHistory';
2025-06-26 00:03:12.519 +02:00 [INF] Executed DbCommand (0ms) [Parameters=[], CommandType='"Text"', CommandTimeout='30']
SELECT 1 FROM INFORMATION_SCHEMA.TABLES WHERE TABLE_SCHEMA='myappdb' AND TABLE_NAME='__EFMigrationsHistory';
2025-06-26 00:03:12.567 +02:00 [INF] Executed DbCommand (2ms) [Parameters=[], CommandType='"Text"', CommandTimeout='30']
SELECT `MigrationId`, `ProductVersion`
FROM `__EFMigrationsHistory`
ORDER BY `MigrationId`;
2025-06-26 00:03:12.588 +02:00 [INF] No migrations were applied. The database is already up to date.
2025-06-26 00:04:05.844 +02:00 [INF] Executed DbCommand (6ms) [Parameters=[], CommandType='"Text"', CommandTimeout='30']
SELECT 1 FROM INFORMATION_SCHEMA.TABLES WHERE TABLE_SCHEMA='myappdb' AND TABLE_NAME='__EFMigrationsHistory';
2025-06-26 00:04:08.095 +02:00 [INF] Executed DbCommand (9ms) [Parameters=[], CommandType='"Text"', CommandTimeout='30']
CREATE TABLE `__EFMigrationsHistory` (
    `MigrationId` varchar(150) CHARACTER SET utf8mb4 NOT NULL,
    `ProductVersion` varchar(32) CHARACTER SET utf8mb4 NOT NULL,
    CONSTRAINT `PK___EFMigrationsHistory` PRIMARY KEY (`MigrationId`)
) CHARACTER SET=utf8mb4;
2025-06-26 00:04:10.148 +02:00 [INF] Executed DbCommand (4ms) [Parameters=[], CommandType='"Text"', CommandTimeout='30']
SELECT 1 FROM INFORMATION_SCHEMA.TABLES WHERE TABLE_SCHEMA='myappdb' AND TABLE_NAME='__EFMigrationsHistory';
2025-06-26 00:04:10.156 +02:00 [INF] Executed DbCommand (2ms) [Parameters=[], CommandType='"Text"', CommandTimeout='30']
SELECT `MigrationId`, `ProductVersion`
FROM `__EFMigrationsHistory`
ORDER BY `MigrationId`;
2025-06-26 00:04:10.176 +02:00 [INF] Applying migration '20250625220348_InitialCreate'.
2025-06-26 00:04:10.218 +02:00 [INF] Executed DbCommand (0ms) [Parameters=[], CommandType='"Text"', CommandTimeout='30']
ALTER DATABASE CHARACTER SET utf8mb4;
2025-06-26 00:04:10.230 +02:00 [INF] Executed DbCommand (7ms) [Parameters=[], CommandType='"Text"', CommandTimeout='30']
CREATE TABLE `Users` (
    `Id` int NOT NULL AUTO_INCREMENT,
    `FirstName` varchar(50) CHARACTER SET utf8mb4 NOT NULL,
    `LastName` varchar(100) CHARACTER SET utf8mb4 NOT NULL,
    `Email` varchar(100) CHARACTER SET utf8mb4 NOT NULL,
    `Phone` varchar(15) CHARACTER SET utf8mb4 NOT NULL,
    `Username` varchar(20) CHARACTER SET utf8mb4 NOT NULL,
    `Age` int NOT NULL,
    `Password` longtext CHARACTER SET utf8mb4 NOT NULL,
    `Gender` int NOT NULL,
    `Status` int NOT NULL,
    `AccountType` int NOT NULL,
    `UserType` int NOT NULL,
    `IsVerified` tinyint(1) NOT NULL,
    `VerificationCode` varchar(100) CHARACTER SET utf8mb4 NULL,
    `Preferences` longtext CHARACTER SET utf8mb4 NULL,
    `LastLogin` datetime(6) NOT NULL,
    `IpAddress` varchar(50) CHARACTER SET utf8mb4 NULL,
    `LastIpAddress` varchar(50) CHARACTER SET utf8mb4 NULL,
    `CreatedAt` datetime(6) NOT NULL,
    `UpdatedAt` datetime(6) NULL,
    CONSTRAINT `PK_Users` PRIMARY KEY (`Id`)
) CHARACTER SET=utf8mb4;
2025-06-26 00:04:10.236 +02:00 [INF] Executed DbCommand (2ms) [Parameters=[], CommandType='"Text"', CommandTimeout='30']
INSERT INTO `__EFMigrationsHistory` (`MigrationId`, `ProductVersion`)
VALUES ('20250625220348_InitialCreate', '8.0.13');
2025-06-26 00:04:40.599 +02:00 [INF] Now listening on: http://localhost:5243
2025-06-26 00:04:40.668 +02:00 [INF] Application started. Press Ctrl+C to shut down.
2025-06-26 00:04:40.670 +02:00 [INF] Hosting environment: Development
2025-06-26 00:04:40.672 +02:00 [INF] Content root path: C:\Users\Ahmet Asaad Hammoud\Desktop\ClassRoom\net\api
2025-06-26 00:04:43.555 +02:00 [INF] Request starting HTTP/1.1 POST http://localhost:5243/api/register - application/json 287
2025-06-26 00:04:43.605 +02:00 [INF] Executing endpoint 'Api.Features.Register.RegisterController.Register (api)'
2025-06-26 00:04:43.674 +02:00 [INF] Route matched with {action = "Register", controller = "Register"}. Executing controller action with signature System.Threading.Tasks.Task`1[Microsoft.AspNetCore.Mvc.IActionResult] Register(Api.Features.Register.RegisterRequest) on controller Api.Features.Register.RegisterController (api).
2025-06-26 00:04:49.465 +02:00 [INF] Executed DbCommand (66ms) [Parameters=[@__email_0='?' (Size = 100)], CommandType='"Text"', CommandTimeout='30']
SELECT `u`.`Id`, `u`.`AccountType`, `u`.`Age`, `u`.`CreatedAt`, `u`.`Email`, `u`.`FirstName`, `u`.`Gender`, `u`.`IpAddress`, `u`.`IsVerified`, `u`.`LastIpAddress`, `u`.`LastLogin`, `u`.`LastName`, `u`.`Password`, `u`.`Phone`, `u`.`Preferences`, `u`.`Status`, `u`.`UpdatedAt`, `u`.`UserType`, `u`.`Username`, `u`.`VerificationCode`
FROM `Users` AS `u`
WHERE `u`.`Email` = @__email_0
LIMIT 1
2025-06-26 00:04:50.184 +02:00 [INF] Executed DbCommand (5ms) [Parameters=[@p0='?' (DbType = Int32), @p1='?' (DbType = Int32), @p2='?' (DbType = DateTime), @p3='?' (Size = 100), @p4='?' (Size = 50), @p5='?' (DbType = Int32), @p6='?' (Size = 50), @p7='?' (DbType = Boolean), @p8='?' (Size = 50), @p9='?' (DbType = DateTime), @p10='?' (Size = 100), @p11='?' (Size = 4000), @p12='?' (Size = 15), @p13='?' (Size = 4000), @p14='?' (DbType = Int32), @p15='?' (DbType = DateTime), @p16='?' (DbType = Int32), @p17='?' (Size = 20), @p18='?' (Size = 100)], CommandType='"Text"', CommandTimeout='30']
INSERT INTO `Users` (`AccountType`, `Age`, `CreatedAt`, `Email`, `FirstName`, `Gender`, `IpAddress`, `IsVerified`, `LastIpAddress`, `LastLogin`, `LastName`, `Password`, `Phone`, `Preferences`, `Status`, `UpdatedAt`, `UserType`, `Username`, `VerificationCode`)
VALUES (@p0, @p1, @p2, @p3, @p4, @p5, @p6, @p7, @p8, @p9, @p10, @p11, @p12, @p13, @p14, @p15, @p16, @p17, @p18);
SELECT `Id`
FROM `Users`
WHERE ROW_COUNT() = 1 AND `Id` = LAST_INSERT_ID();
2025-06-26 00:04:50.263 +02:00 [INF] Executing OkObjectResult, writing value of type 'Api.Infrastructure.Responses.SuccessResponse`1[[System.Object, System.Private.CoreLib, Version=9.0.0.0, Culture=neutral, PublicKeyToken=7cec85d7bea7798e]]'.
2025-06-26 00:04:50.284 +02:00 [INF] Executed action Api.Features.Register.RegisterController.Register (api) in 6599.2352ms
2025-06-26 00:04:50.294 +02:00 [INF] Executed endpoint 'Api.Features.Register.RegisterController.Register (api)'
2025-06-26 00:04:50.313 +02:00 [INF] Request finished HTTP/1.1 POST http://localhost:5243/api/register - 200 null application/json; charset=utf-8 6761.6051ms
2025-06-26 00:35:35.457 +02:00 [INF] Application is shutting down...
