2025-06-25 19:48:51.021 +02:00 [INF] Now listening on: http://localhost:5243
2025-06-25 19:48:51.100 +02:00 [INF] Application started. Press Ctrl+C to shut down.
2025-06-25 19:48:51.102 +02:00 [INF] Hosting environment: Development
2025-06-25 19:48:51.104 +02:00 [INF] Content root path: C:\Users\Ahmet Asaad Hammoud\Desktop\ClassRoom\net\api
2025-06-25 19:49:01.930 +02:00 [INF] Request starting HTTP/1.1 GET http://localhost:5243/api/register - application/json null
2025-06-25 19:49:01.980 +02:00 [INF] Executing endpoint 'Api.Features.Register.RegisterController.Get (api)'
2025-06-25 19:49:02.019 +02:00 [INF] Route matched with {action = "Get", controller = "Register"}. Executing controller action with signature Microsoft.AspNetCore.Mvc.IActionResult Get() on controller Api.Features.Register.RegisterController (api).
2025-06-25 19:49:04.346 +02:00 [INF] Executed action Api.Features.Register.RegisterController.Get (api) in 2310.4404ms
2025-06-25 19:49:04.369 +02:00 [INF] Executed endpoint 'Api.Features.Register.RegisterController.Get (api)'
2025-06-25 19:49:04.371 +02:00 [INF] An error occurred: This is a test exception for the Register endpoint
2025-06-25 19:49:04.372 +02:00 [INF] Work started at "2025-06-25T17:49:04.3728061Z"
2025-06-25 19:49:04.376 +02:00 [WRN] This is a test warning
2025-06-25 19:49:04.377 +02:00 [ERR] Something went wrong!
2025-06-25 19:49:04.418 +02:00 [INF] Request finished HTTP/1.1 GET http://localhost:5243/api/register - 500 null application/json 2494.5488ms
2025-06-25 19:51:28.349 +02:00 [INF] Application is shutting down...
2025-06-25 19:51:33.027 +02:00 [INF] Now listening on: http://localhost:5243
2025-06-25 19:51:33.098 +02:00 [INF] Application started. Press Ctrl+C to shut down.
2025-06-25 19:51:33.101 +02:00 [INF] Hosting environment: Development
2025-06-25 19:51:33.102 +02:00 [INF] Content root path: C:\Users\Ahmet Asaad Hammoud\Desktop\ClassRoom\net\api
2025-06-25 19:51:54.454 +02:00 [INF] Application is shutting down...
2025-06-25 19:53:17.169 +02:00 [INF] Now listening on: http://localhost:5243
2025-06-25 19:53:17.237 +02:00 [INF] Application started. Press Ctrl+C to shut down.
2025-06-25 19:53:17.239 +02:00 [INF] Hosting environment: Development
2025-06-25 19:53:17.240 +02:00 [INF] Content root path: C:\Users\Ahmet Asaad Hammoud\Desktop\ClassRoom\net\api
2025-06-25 19:53:28.407 +02:00 [INF] Request starting HTTP/1.1 GET http://localhost:5243/api/register - application/json null
2025-06-25 19:53:28.451 +02:00 [INF] Executing endpoint 'Api.Features.Register.RegisterController.Get (api)'
2025-06-25 19:53:28.497 +02:00 [INF] Route matched with {action = "Get", controller = "Register"}. Executing controller action with signature Microsoft.AspNetCore.Mvc.IActionResult Get() on controller Api.Features.Register.RegisterController (api).
2025-06-25 19:53:30.882 +02:00 [INF] Executing OkObjectResult, writing value of type 'Api.Infrastructure.Responses.SuccessResponse`1[[System.Object, System.Private.CoreLib, Version=9.0.0.0, Culture=neutral, PublicKeyToken=7cec85d7bea7798e]]'.
2025-06-25 19:53:30.957 +02:00 [INF] Executed action Api.Features.Register.RegisterController.Get (api) in 2450.3431ms
2025-06-25 19:53:30.984 +02:00 [INF] Executed endpoint 'Api.Features.Register.RegisterController.Get (api)'
2025-06-25 19:53:30.992 +02:00 [INF] Request finished HTTP/1.1 GET http://localhost:5243/api/register - 200 null application/json; charset=utf-8 2588.5556ms
2025-06-25 19:54:19.229 +02:00 [INF] Application is shutting down...
2025-06-25 19:54:58.844 +02:00 [INF] Now listening on: http://localhost:5243
2025-06-25 19:54:58.912 +02:00 [INF] Application started. Press Ctrl+C to shut down.
2025-06-25 19:54:58.914 +02:00 [INF] Hosting environment: Development
2025-06-25 19:54:58.915 +02:00 [INF] Content root path: C:\Users\Ahmet Asaad Hammoud\Desktop\ClassRoom\net\api
2025-06-25 19:55:01.436 +02:00 [INF] Request starting HTTP/1.1 GET http://localhost:5243/api/register - application/json null
2025-06-25 19:55:01.498 +02:00 [INF] Executing endpoint 'Api.Features.Register.RegisterController.Get (api)'
2025-06-25 19:55:01.541 +02:00 [INF] Route matched with {action = "Get", controller = "Register"}. Executing controller action with signature Microsoft.AspNetCore.Mvc.IActionResult Get() on controller Api.Features.Register.RegisterController (api).
2025-06-25 19:55:03.908 +02:00 [INF] Executing OkObjectResult, writing value of type 'Api.Infrastructure.Responses.SuccessResponse`1[[System.Object, System.Private.CoreLib, Version=9.0.0.0, Culture=neutral, PublicKeyToken=7cec85d7bea7798e]]'.
2025-06-25 19:55:03.963 +02:00 [INF] Executed action Api.Features.Register.RegisterController.Get (api) in 2409.9761ms
2025-06-25 19:55:03.991 +02:00 [INF] Executed endpoint 'Api.Features.Register.RegisterController.Get (api)'
2025-06-25 19:55:04.000 +02:00 [INF] Request finished HTTP/1.1 GET http://localhost:5243/api/register - 200 null application/json; charset=utf-8 2567.2607ms
2025-06-25 20:54:29.917 +02:00 [INF] Application is shutting down...
2025-06-25 20:54:40.549 +02:00 [INF] Now listening on: http://localhost:5243
2025-06-25 20:54:40.610 +02:00 [INF] Application started. Press Ctrl+C to shut down.
2025-06-25 20:54:40.612 +02:00 [INF] Hosting environment: Development
2025-06-25 20:54:40.614 +02:00 [INF] Content root path: C:\Users\Ahmet Asaad Hammoud\Desktop\ClassRoom\net\api
2025-06-25 20:56:35.773 +02:00 [INF] Application is shutting down...
2025-06-25 21:21:33.488 +02:00 [INF] Now listening on: http://localhost:5243
2025-06-25 21:21:33.565 +02:00 [INF] Application started. Press Ctrl+C to shut down.
2025-06-25 21:21:33.568 +02:00 [INF] Hosting environment: Development
2025-06-25 21:21:33.570 +02:00 [INF] Content root path: C:\Users\Ahmet Asaad Hammoud\Desktop\ClassRoom\net\api
2025-06-25 21:26:16.951 +02:00 [INF] Application is shutting down...
2025-06-25 22:23:13.661 +02:00 [INF] Now listening on: http://localhost:5243
2025-06-25 22:23:13.722 +02:00 [INF] Application started. Press Ctrl+C to shut down.
2025-06-25 22:23:13.724 +02:00 [INF] Hosting environment: Development
2025-06-25 22:23:13.726 +02:00 [INF] Content root path: C:\Users\Ahmet Asaad Hammoud\Desktop\ClassRoom\net\api
2025-06-25 22:23:23.508 +02:00 [INF] Application is shutting down...
2025-06-25 23:24:15.034 +02:00 [INF] Executed DbCommand (6ms) [Parameters=[], CommandType='"Text"', CommandTimeout='30']
SELECT 1 FROM INFORMATION_SCHEMA.TABLES WHERE TABLE_SCHEMA='myappdb' AND TABLE_NAME='__EFMigrationsHistory';
2025-06-25 23:24:17.275 +02:00 [INF] Executed DbCommand (16ms) [Parameters=[], CommandType='"Text"', CommandTimeout='30']
CREATE TABLE `__EFMigrationsHistory` (
    `MigrationId` varchar(150) CHARACTER SET utf8mb4 NOT NULL,
    `ProductVersion` varchar(32) CHARACTER SET utf8mb4 NOT NULL,
    CONSTRAINT `PK___EFMigrationsHistory` PRIMARY KEY (`MigrationId`)
) CHARACTER SET=utf8mb4;
2025-06-25 23:24:19.339 +02:00 [INF] Executed DbCommand (5ms) [Parameters=[], CommandType='"Text"', CommandTimeout='30']
SELECT 1 FROM INFORMATION_SCHEMA.TABLES WHERE TABLE_SCHEMA='myappdb' AND TABLE_NAME='__EFMigrationsHistory';
2025-06-25 23:24:19.348 +02:00 [INF] Executed DbCommand (2ms) [Parameters=[], CommandType='"Text"', CommandTimeout='30']
SELECT `MigrationId`, `ProductVersion`
FROM `__EFMigrationsHistory`
ORDER BY `MigrationId`;
2025-06-25 23:24:19.368 +02:00 [INF] Applying migration '20250625202547_InitialCreate'.
2025-06-25 23:24:19.410 +02:00 [INF] Executed DbCommand (1ms) [Parameters=[], CommandType='"Text"', CommandTimeout='30']
ALTER DATABASE CHARACTER SET utf8mb4;
2025-06-25 23:24:19.423 +02:00 [INF] Executed DbCommand (9ms) [Parameters=[], CommandType='"Text"', CommandTimeout='30']
CREATE TABLE `Users` (
    `Id` int NOT NULL AUTO_INCREMENT,
    `FirstName` varchar(50) CHARACTER SET utf8mb4 NOT NULL,
    `LastName` varchar(100) CHARACTER SET utf8mb4 NOT NULL,
    `Email` varchar(100) CHARACTER SET utf8mb4 NOT NULL,
    `Phone` varchar(15) CHARACTER SET utf8mb4 NOT NULL,
    `Username` varchar(20) CHARACTER SET utf8mb4 NOT NULL,
    `Age` int NOT NULL,
    `Password` longtext CHARACTER SET utf8mb4 NOT NULL,
    `Gender` int NOT NULL,
    `Status` int NOT NULL,
    `AccountType` int NOT NULL,
    `UserType` int NOT NULL,
    `IsVerified` tinyint(1) NOT NULL,
    `VerificationCode` varchar(100) CHARACTER SET utf8mb4 NULL,
    `Preferences` longtext CHARACTER SET utf8mb4 NULL,
    `LastLogin` datetime(6) NOT NULL,
    `IpAddress` varchar(50) CHARACTER SET utf8mb4 NULL,
    `LastIpAddress` varchar(50) CHARACTER SET utf8mb4 NULL,
    `CreatedAt` datetime(6) NOT NULL,
    `UpdatedAt` datetime(6) NULL,
    CONSTRAINT `PK_Users` PRIMARY KEY (`Id`)
) CHARACTER SET=utf8mb4;
2025-06-25 23:24:19.431 +02:00 [INF] Executed DbCommand (2ms) [Parameters=[], CommandType='"Text"', CommandTimeout='30']
INSERT INTO `__EFMigrationsHistory` (`MigrationId`, `ProductVersion`)
VALUES ('20250625202547_InitialCreate', '8.0.13');
2025-06-25 23:28:29.188 +02:00 [INF] Now listening on: http://localhost:5243
2025-06-25 23:28:29.255 +02:00 [INF] Application started. Press Ctrl+C to shut down.
2025-06-25 23:28:29.257 +02:00 [INF] Hosting environment: Development
2025-06-25 23:28:29.259 +02:00 [INF] Content root path: C:\Users\Ahmet Asaad Hammoud\Desktop\ClassRoom\net\api
2025-06-25 23:52:19.121 +02:00 [INF] Request starting HTTP/1.1 POST http://localhost:5243/api/register - application/json 280
2025-06-25 23:52:19.261 +02:00 [INF] Request finished HTTP/1.1 POST http://localhost:5243/api/register - 404 0 null 144.6273ms
2025-06-25 23:52:19.289 +02:00 [INF] Request reached the end of the middleware pipeline without being handled by application code. Request path: POST http://localhost:5243/api/register, Response status code: 404
2025-06-25 23:52:32.260 +02:00 [INF] Application is shutting down...
2025-06-25 23:52:42.751 +02:00 [INF] Now listening on: http://localhost:5243
2025-06-25 23:52:42.810 +02:00 [INF] Application started. Press Ctrl+C to shut down.
2025-06-25 23:52:42.812 +02:00 [INF] Hosting environment: Development
2025-06-25 23:52:42.813 +02:00 [INF] Content root path: C:\Users\Ahmet Asaad Hammoud\Desktop\ClassRoom\net\api
2025-06-25 23:52:44.462 +02:00 [INF] Application is shutting down...
2025-06-25 23:52:49.556 +02:00 [INF] Now listening on: http://localhost:5243
2025-06-25 23:52:49.624 +02:00 [INF] Application started. Press Ctrl+C to shut down.
2025-06-25 23:52:49.626 +02:00 [INF] Hosting environment: Development
2025-06-25 23:52:49.627 +02:00 [INF] Content root path: C:\Users\Ahmet Asaad Hammoud\Desktop\ClassRoom\net\api
2025-06-25 23:52:50.774 +02:00 [INF] Request starting HTTP/1.1 POST http://localhost:5243/api/register - application/json 280
2025-06-25 23:52:50.842 +02:00 [INF] Request finished HTTP/1.1 POST http://localhost:5243/api/register - 404 0 null 71.2691ms
2025-06-25 23:52:50.879 +02:00 [INF] Request reached the end of the middleware pipeline without being handled by application code. Request path: POST http://localhost:5243/api/register, Response status code: 404
2025-06-25 23:54:27.149 +02:00 [INF] Application is shutting down...
2025-06-25 23:54:33.175 +02:00 [INF] Now listening on: http://localhost:5243
2025-06-25 23:54:33.260 +02:00 [INF] Application started. Press Ctrl+C to shut down.
2025-06-25 23:54:33.262 +02:00 [INF] Hosting environment: Development
2025-06-25 23:54:33.264 +02:00 [INF] Content root path: C:\Users\Ahmet Asaad Hammoud\Desktop\ClassRoom\net\api
2025-06-25 23:54:36.890 +02:00 [INF] Request starting HTTP/1.1 POST http://localhost:5243/api/register - application/json 280
2025-06-25 23:54:37.062 +02:00 [INF] Executing endpoint 'Api.Features.Register.RegisterController.Register (api)'
2025-06-25 23:54:37.148 +02:00 [INF] Route matched with {action = "Register", controller = "Register"}. Executing controller action with signature System.Threading.Tasks.Task`1[Microsoft.AspNetCore.Mvc.IActionResult] Register(Api.Features.Register.RegisterRequest) on controller Api.Features.Register.RegisterController (api).
2025-06-25 23:54:41.666 +02:00 [INF] Executing BadRequestObjectResult, writing value of type 'Microsoft.AspNetCore.Mvc.ValidationProblemDetails'.
2025-06-25 23:54:41.732 +02:00 [INF] Executed action Api.Features.Register.RegisterController.Register (api) in 4434.8048ms
2025-06-25 23:54:41.766 +02:00 [INF] Executed endpoint 'Api.Features.Register.RegisterController.Register (api)'
2025-06-25 23:54:41.774 +02:00 [INF] Request finished HTTP/1.1 POST http://localhost:5243/api/register - 400 null application/problem+json; charset=utf-8 4888.1897ms
2025-06-25 23:56:31.471 +02:00 [INF] Request starting HTTP/1.1 POST http://localhost:5243/api/register - application/json 287
2025-06-25 23:56:31.481 +02:00 [INF] Executing endpoint 'Api.Features.Register.RegisterController.Register (api)'
2025-06-25 23:56:31.485 +02:00 [INF] Route matched with {action = "Register", controller = "Register"}. Executing controller action with signature System.Threading.Tasks.Task`1[Microsoft.AspNetCore.Mvc.IActionResult] Register(Api.Features.Register.RegisterRequest) on controller Api.Features.Register.RegisterController (api).
2025-06-25 23:56:33.549 +02:00 [INF] Executing BadRequestObjectResult, writing value of type 'Microsoft.AspNetCore.Mvc.ValidationProblemDetails'.
2025-06-25 23:56:33.552 +02:00 [INF] Executed action Api.Features.Register.RegisterController.Register (api) in 2060.9315ms
2025-06-25 23:56:33.555 +02:00 [INF] Executed endpoint 'Api.Features.Register.RegisterController.Register (api)'
2025-06-25 23:56:33.557 +02:00 [INF] Request finished HTTP/1.1 POST http://localhost:5243/api/register - 400 null application/problem+json; charset=utf-8 2086.3175ms
2025-06-25 23:58:21.263 +02:00 [INF] Request starting HTTP/1.1 POST http://localhost:5243/api/register - application/json 282
2025-06-25 23:58:21.270 +02:00 [INF] Executing endpoint 'Api.Features.Register.RegisterController.Register (api)'
2025-06-25 23:58:21.272 +02:00 [INF] Route matched with {action = "Register", controller = "Register"}. Executing controller action with signature System.Threading.Tasks.Task`1[Microsoft.AspNetCore.Mvc.IActionResult] Register(Api.Features.Register.RegisterRequest) on controller Api.Features.Register.RegisterController (api).
2025-06-25 23:58:23.328 +02:00 [INF] Executing BadRequestObjectResult, writing value of type 'Microsoft.AspNetCore.Mvc.ValidationProblemDetails'.
2025-06-25 23:58:23.331 +02:00 [INF] Executed action Api.Features.Register.RegisterController.Register (api) in 2055.2786ms
2025-06-25 23:58:23.333 +02:00 [INF] Executed endpoint 'Api.Features.Register.RegisterController.Register (api)'
2025-06-25 23:58:23.335 +02:00 [INF] Request finished HTTP/1.1 POST http://localhost:5243/api/register - 400 null application/problem+json; charset=utf-8 2072.2207ms
2025-06-25 23:58:33.414 +02:00 [INF] Request starting HTTP/1.1 POST http://localhost:5243/api/register - application/json 272
2025-06-25 23:58:33.418 +02:00 [INF] Executing endpoint 'Api.Features.Register.RegisterController.Register (api)'
2025-06-25 23:58:33.420 +02:00 [INF] Route matched with {action = "Register", controller = "Register"}. Executing controller action with signature System.Threading.Tasks.Task`1[Microsoft.AspNetCore.Mvc.IActionResult] Register(Api.Features.Register.RegisterRequest) on controller Api.Features.Register.RegisterController (api).
2025-06-25 23:58:38.747 +02:00 [INF] Executed DbCommand (66ms) [Parameters=[@__email_0='?' (Size = 100)], CommandType='"Text"', CommandTimeout='30']
SELECT `u`.`Id`, `u`.`AccountType`, `u`.`Age`, `u`.`CreatedAt`, `u`.`Email`, `u`.`FirstName`, `u`.`Gender`, `u`.`IpAddress`, `u`.`IsVerified`, `u`.`LastIpAddress`, `u`.`LastLogin`, `u`.`LastName`, `u`.`Password`, `u`.`Phone`, `u`.`Preferences`, `u`.`Status`, `u`.`UpdatedAt`, `u`.`UserType`, `u`.`Username`, `u`.`VerificationCode`
FROM `Users` AS `u`
WHERE `u`.`Email` = @__email_0
LIMIT 1
2025-06-25 23:58:39.628 +02:00 [INF] Executed DbCommand (5ms) [Parameters=[@p0='?' (DbType = Int32), @p1='?' (DbType = Int32), @p2='?' (DbType = DateTime), @p3='?' (Size = 100), @p4='?' (Size = 50), @p5='?' (DbType = Int32), @p6='?' (Size = 50), @p7='?' (DbType = Boolean), @p8='?' (Size = 50), @p9='?' (DbType = DateTime), @p10='?' (Size = 100), @p11='?' (Size = 4000), @p12='?' (Size = 15), @p13='?' (Size = 4000), @p14='?' (DbType = Int32), @p15='?' (DbType = DateTime), @p16='?' (DbType = Int32), @p17='?' (Size = 20), @p18='?' (Size = 100)], CommandType='"Text"', CommandTimeout='30']
INSERT INTO `Users` (`AccountType`, `Age`, `CreatedAt`, `Email`, `FirstName`, `Gender`, `IpAddress`, `IsVerified`, `LastIpAddress`, `LastLogin`, `LastName`, `Password`, `Phone`, `Preferences`, `Status`, `UpdatedAt`, `UserType`, `Username`, `VerificationCode`)
VALUES (@p0, @p1, @p2, @p3, @p4, @p5, @p6, @p7, @p8, @p9, @p10, @p11, @p12, @p13, @p14, @p15, @p16, @p17, @p18);
SELECT `Id`
FROM `Users`
WHERE ROW_COUNT() = 1 AND `Id` = LAST_INSERT_ID();
2025-06-25 23:58:39.716 +02:00 [INF] Executing OkObjectResult, writing value of type 'Api.Infrastructure.Responses.SuccessResponse`1[[System.Object, System.Private.CoreLib, Version=9.0.0.0, Culture=neutral, PublicKeyToken=7cec85d7bea7798e]]'.
2025-06-25 23:58:39.726 +02:00 [INF] Executed action Api.Features.Register.RegisterController.Register (api) in 6301.7767ms
2025-06-25 23:58:39.729 +02:00 [INF] Executed endpoint 'Api.Features.Register.RegisterController.Register (api)'
2025-06-25 23:58:39.741 +02:00 [INF] Request finished HTTP/1.1 POST http://localhost:5243/api/register - 200 null application/json; charset=utf-8 6327.1009ms
2025-06-25 23:59:18.365 +02:00 [INF] Application is shutting down...
